[ 2013-09-23T09:26:44+08:00 ] 192.168.1.44 /structs/operamail/
INFO: [ app_begin ] --START--
INFO: ReadHtmlCache Behavior ::run [ RunTime:0.190855s ]
INFO: [ app_begin ] --END-- [ RunTime:0.368256s ]
INFO: [ view_parse ] --START--
INFO: ParseTemplate Behavior ::run [ RunTime:2.261883s ]
INFO: [ view_parse ] --END-- [ RunTime:2.263247s ]
INFO: [ view_filter ] --START--
INFO: ContentReplace Behavior ::run [ RunTime:0.029702s ]
INFO: TokenBuild Behavior ::run [ RunTime:0.173703s ]
INFO: WriteHtmlCache Behavior ::run [ RunTime:0.002647s ]
INFO: ShowRuntime Behavior ::run [ RunTime:0.004762s ]
INFO: [ view_filter ] --END-- [ RunTime:0.214564s ]
INFO: [ view_end ] --START--
INFO: ShowPageTrace Behavior ::run [ RunTime:0.024089s ]
INFO: [ view_end ] --END-- [ RunTime:0.025654s ]

[ 2013-09-23T09:57:53+08:00 ] 192.168.1.44 /structs/operamail/
INFO: [ app_begin ] --START--
INFO: ReadHtmlCache Behavior ::run [ RunTime:0.044418s ]
INFO: [ app_begin ] --END-- [ RunTime:0.045821s ]
INFO: [ view_parse ] --START--
INFO: ParseTemplate Behavior ::run [ RunTime:0.432747s ]
INFO: [ view_parse ] --END-- [ RunTime:0.434169s ]
INFO: [ view_filter ] --START--
INFO: ContentReplace Behavior ::run [ RunTime:0.022969s ]
INFO: TokenBuild Behavior ::run [ RunTime:0.006768s ]
INFO: WriteHtmlCache Behavior ::run [ RunTime:0.002715s ]
INFO: ShowRuntime Behavior ::run [ RunTime:0.005117s ]
INFO: [ view_filter ] --END-- [ RunTime:0.041570s ]
INFO: [ view_end ] --START--
INFO: ShowPageTrace Behavior ::run [ RunTime:0.003836s ]
INFO: [ view_end ] --END-- [ RunTime:0.005413s ]

[ 2013-09-23T09:58:17+08:00 ] 192.168.1.44 /structs/operamail/
INFO: [ app_begin ] --START--
INFO: ReadHtmlCache Behavior ::run [ RunTime:0.004071s ]
INFO: [ app_begin ] --END-- [ RunTime:0.005437s ]
INFO: [ view_parse ] --START--
INFO: ParseTemplate Behavior ::run [ RunTime:0.363189s ]
INFO: [ view_parse ] --END-- [ RunTime:0.364648s ]
INFO: [ view_filter ] --START--
INFO: ContentReplace Behavior ::run [ RunTime:0.003314s ]
INFO: TokenBuild Behavior ::run [ RunTime:0.003924s ]
INFO: WriteHtmlCache Behavior ::run [ RunTime:0.002665s ]
INFO: ShowRuntime Behavior ::run [ RunTime:0.004827s ]
INFO: [ view_filter ] --END-- [ RunTime:0.018774s ]
INFO: [ view_end ] --START--
INFO: ShowPageTrace Behavior ::run [ RunTime:0.003404s ]
INFO: [ view_end ] --END-- [ RunTime:0.004753s ]

[ 2013-09-23T09:58:34+08:00 ] 192.168.1.44 /structs/operamail/
INFO: [ app_begin ] --START--
INFO: ReadHtmlCache Behavior ::run [ RunTime:0.003269s ]
INFO: [ app_begin ] --END-- [ RunTime:0.004641s ]
INFO: [ view_parse ] --START--
INFO: ParseTemplate Behavior ::run [ RunTime:0.208049s ]
INFO: [ view_parse ] --END-- [ RunTime:0.209440s ]
INFO: [ view_filter ] --START--
INFO: ContentReplace Behavior ::run [ RunTime:0.003416s ]
INFO: TokenBuild Behavior ::run [ RunTime:0.003682s ]
INFO: WriteHtmlCache Behavior ::run [ RunTime:0.002717s ]
INFO: ShowRuntime Behavior ::run [ RunTime:0.004868s ]
INFO: [ view_filter ] --END-- [ RunTime:0.018358s ]
INFO: [ view_end ] --START--
INFO: ShowPageTrace Behavior ::run [ RunTime:0.003569s ]
INFO: [ view_end ] --END-- [ RunTime:0.005051s ]

[ 2013-09-23T09:58:46+08:00 ] 192.168.1.44 /structs/operamail/
INFO: [ app_begin ] --START--
INFO: ReadHtmlCache Behavior ::run [ RunTime:0.003461s ]
INFO: [ app_begin ] --END-- [ RunTime:0.004964s ]
INFO: [ view_parse ] --START--
INFO: ParseTemplate Behavior ::run [ RunTime:0.347688s ]
INFO: [ view_parse ] --END-- [ RunTime:0.349122s ]
INFO: [ view_filter ] --START--
INFO: ContentReplace Behavior ::run [ RunTime:0.003700s ]
INFO: TokenBuild Behavior ::run [ RunTime:0.003747s ]
INFO: WriteHtmlCache Behavior ::run [ RunTime:0.003260s ]
INFO: ShowRuntime Behavior ::run [ RunTime:0.004468s ]
INFO: [ view_filter ] --END-- [ RunTime:0.018857s ]
INFO: [ view_end ] --START--
INFO: ShowPageTrace Behavior ::run [ RunTime:0.003779s ]
INFO: [ view_end ] --END-- [ RunTime:0.005143s ]

[ 2013-09-23T09:58:53+08:00 ] 192.168.1.44 /structs/operamail/
INFO: [ app_begin ] --START--
INFO: ReadHtmlCache Behavior ::run [ RunTime:0.004552s ]
INFO: [ app_begin ] --END-- [ RunTime:0.006022s ]
INFO: [ view_parse ] --START--
INFO: ParseTemplate Behavior ::run [ RunTime:0.037306s ]
INFO: [ view_parse ] --END-- [ RunTime:0.038703s ]
INFO: [ view_filter ] --START--
INFO: ContentReplace Behavior ::run [ RunTime:0.003343s ]
INFO: TokenBuild Behavior ::run [ RunTime:0.003757s ]
INFO: WriteHtmlCache Behavior ::run [ RunTime:0.003205s ]
INFO: ShowRuntime Behavior ::run [ RunTime:0.004703s ]
INFO: [ view_filter ] --END-- [ RunTime:0.018781s ]
INFO: [ view_end ] --START--
INFO: ShowPageTrace Behavior ::run [ RunTime:0.004529s ]
INFO: [ view_end ] --END-- [ RunTime:0.006233s ]

[ 2013-09-23T10:00:24+08:00 ] 192.168.1.44 /structs/operamail/
INFO: [ app_begin ] --START--
INFO: ReadHtmlCache Behavior ::run [ RunTime:0.004568s ]
INFO: [ app_begin ] --END-- [ RunTime:0.006067s ]
INFO: [ view_parse ] --START--
INFO: ParseTemplate Behavior ::run [ RunTime:0.085335s ]
INFO: [ view_parse ] --END-- [ RunTime:0.086817s ]
INFO: [ view_filter ] --START--
INFO: ContentReplace Behavior ::run [ RunTime:0.003431s ]
INFO: TokenBuild Behavior ::run [ RunTime:0.005889s ]
INFO: WriteHtmlCache Behavior ::run [ RunTime:0.002835s ]
INFO: ShowRuntime Behavior ::run [ RunTime:0.005234s ]
INFO: [ view_filter ] --END-- [ RunTime:0.021099s ]
INFO: [ view_end ] --START--
INFO: ShowPageTrace Behavior ::run [ RunTime:0.004837s ]
INFO: [ view_end ] --END-- [ RunTime:0.006346s ]

[ 2013-09-23T10:04:51+08:00 ] 192.168.1.44 /structs/operamail/
INFO: [ app_begin ] --START--
INFO: ReadHtmlCache Behavior ::run [ RunTime:0.004160s ]
INFO: [ app_begin ] --END-- [ RunTime:0.006364s ]
INFO: [ view_parse ] --START--
INFO: ParseTemplate Behavior ::run [ RunTime:0.223421s ]
INFO: [ view_parse ] --END-- [ RunTime:0.224829s ]
INFO: [ view_filter ] --START--
INFO: ContentReplace Behavior ::run [ RunTime:0.002905s ]
INFO: TokenBuild Behavior ::run [ RunTime:0.003076s ]
INFO: WriteHtmlCache Behavior ::run [ RunTime:0.002481s ]
INFO: ShowRuntime Behavior ::run [ RunTime:0.004488s ]
INFO: [ view_filter ] --END-- [ RunTime:0.016666s ]
INFO: [ view_end ] --START--
INFO: ShowPageTrace Behavior ::run [ RunTime:0.004097s ]
INFO: [ view_end ] --END-- [ RunTime:0.005699s ]

[ 2013-09-23T10:08:05+08:00 ] 192.168.1.44 /structs/operamail/
INFO: [ app_begin ] --START--
INFO: ReadHtmlCache Behavior ::run [ RunTime:0.003810s ]
INFO: [ app_begin ] --END-- [ RunTime:0.005264s ]
INFO: [ view_parse ] --START--
INFO: ParseTemplate Behavior ::run [ RunTime:0.066717s ]
INFO: [ view_parse ] --END-- [ RunTime:0.068583s ]
INFO: [ view_filter ] --START--
INFO: ContentReplace Behavior ::run [ RunTime:0.003453s ]
INFO: TokenBuild Behavior ::run [ RunTime:0.004219s ]
INFO: WriteHtmlCache Behavior ::run [ RunTime:0.002632s ]
INFO: ShowRuntime Behavior ::run [ RunTime:0.004631s ]
INFO: [ view_filter ] --END-- [ RunTime:0.019091s ]
INFO: [ view_end ] --START--
INFO: ShowPageTrace Behavior ::run [ RunTime:0.003620s ]
INFO: [ view_end ] --END-- [ RunTime:0.004986s ]

[ 2013-09-23T10:08:57+08:00 ] 192.168.1.44 /structs/operamail/
INFO: [ app_begin ] --START--
INFO: ReadHtmlCache Behavior ::run [ RunTime:0.003746s ]
INFO: [ app_begin ] --END-- [ RunTime:0.005150s ]
INFO: [ view_parse ] --START--
INFO: ParseTemplate Behavior ::run [ RunTime:0.063011s ]
INFO: [ view_parse ] --END-- [ RunTime:0.064578s ]
INFO: [ view_filter ] --START--
INFO: ContentReplace Behavior ::run [ RunTime:0.003293s ]
INFO: TokenBuild Behavior ::run [ RunTime:0.003666s ]
INFO: WriteHtmlCache Behavior ::run [ RunTime:0.002866s ]
INFO: ShowRuntime Behavior ::run [ RunTime:0.005034s ]
INFO: [ view_filter ] --END-- [ RunTime:0.018701s ]
INFO: [ view_end ] --START--
INFO: ShowPageTrace Behavior ::run [ RunTime:0.003553s ]
INFO: [ view_end ] --END-- [ RunTime:0.005205s ]

[ 2013-09-23T10:23:32+08:00 ] 192.168.1.44 /structs/operamail/
INFO: [ app_begin ] --START--
INFO: ReadHtmlCache Behavior ::run [ RunTime:0.005403s ]
INFO: [ app_begin ] --END-- [ RunTime:0.007133s ]
INFO: [ view_parse ] --START--
INFO: ParseTemplate Behavior ::run [ RunTime:0.088358s ]
INFO: [ view_parse ] --END-- [ RunTime:0.089781s ]
INFO: [ view_filter ] --START--
INFO: ContentReplace Behavior ::run [ RunTime:0.003618s ]
INFO: TokenBuild Behavior ::run [ RunTime:0.003857s ]
INFO: WriteHtmlCache Behavior ::run [ RunTime:0.002685s ]
INFO: ShowRuntime Behavior ::run [ RunTime:0.004862s ]
INFO: [ view_filter ] --END-- [ RunTime:0.018690s ]
INFO: [ view_end ] --START--
INFO: ShowPageTrace Behavior ::run [ RunTime:0.003949s ]
INFO: [ view_end ] --END-- [ RunTime:0.005317s ]

[ 2013-09-23T10:24:30+08:00 ] 192.168.1.44 /structs/operamail/
INFO: [ app_begin ] --START--
INFO: ReadHtmlCache Behavior ::run [ RunTime:0.004326s ]
INFO: [ app_begin ] --END-- [ RunTime:0.005795s ]
INFO: [ view_parse ] --START--
INFO: ParseTemplate Behavior ::run [ RunTime:0.037333s ]
INFO: [ view_parse ] --END-- [ RunTime:0.038716s ]
INFO: [ view_filter ] --START--
INFO: ContentReplace Behavior ::run [ RunTime:0.003579s ]
INFO: TokenBuild Behavior ::run [ RunTime:0.003836s ]
INFO: WriteHtmlCache Behavior ::run [ RunTime:0.003104s ]
INFO: ShowRuntime Behavior ::run [ RunTime:0.004614s ]
INFO: [ view_filter ] --END-- [ RunTime:0.019036s ]
INFO: [ view_end ] --START--
INFO: ShowPageTrace Behavior ::run [ RunTime:0.003921s ]
INFO: [ view_end ] --END-- [ RunTime:0.005227s ]

[ 2013-09-23T10:28:32+08:00 ] 192.168.1.44 /structs/operamail/
INFO: [ app_begin ] --START--
INFO: ReadHtmlCache Behavior ::run [ RunTime:0.003535s ]
INFO: [ app_begin ] --END-- [ RunTime:0.004991s ]
INFO: [ view_parse ] --START--
INFO: ParseTemplate Behavior ::run [ RunTime:0.035340s ]
INFO: [ view_parse ] --END-- [ RunTime:0.036739s ]
INFO: [ view_filter ] --START--
INFO: ContentReplace Behavior ::run [ RunTime:0.003496s ]
INFO: TokenBuild Behavior ::run [ RunTime:0.005339s ]
INFO: WriteHtmlCache Behavior ::run [ RunTime:0.002778s ]
INFO: ShowRuntime Behavior ::run [ RunTime:0.004755s ]
INFO: [ view_filter ] --END-- [ RunTime:0.020086s ]
INFO: [ view_end ] --START--
INFO: ShowPageTrace Behavior ::run [ RunTime:0.004101s ]
INFO: [ view_end ] --END-- [ RunTime:0.005466s ]

[ 2013-09-23T10:28:52+08:00 ] 192.168.1.44 /structs/operamail/
INFO: [ app_begin ] --START--
INFO: ReadHtmlCache Behavior ::run [ RunTime:0.002675s ]
INFO: [ app_begin ] --END-- [ RunTime:0.004227s ]
INFO: [ view_parse ] --START--
INFO: ParseTemplate Behavior ::run [ RunTime:0.030292s ]
INFO: [ view_parse ] --END-- [ RunTime:0.032094s ]
INFO: [ view_filter ] --START--
INFO: ContentReplace Behavior ::run [ RunTime:0.003804s ]
INFO: TokenBuild Behavior ::run [ RunTime:0.004116s ]
INFO: WriteHtmlCache Behavior ::run [ RunTime:0.003597s ]
INFO: ShowRuntime Behavior ::run [ RunTime:0.005760s ]
INFO: [ view_filter ] --END-- [ RunTime:0.021798s ]
INFO: [ view_end ] --START--
INFO: ShowPageTrace Behavior ::run [ RunTime:0.004314s ]
INFO: [ view_end ] --END-- [ RunTime:0.005729s ]

[ 2013-09-23T10:29:05+08:00 ] 192.168.1.44 /structs/operamail/
INFO: [ app_begin ] --START--
INFO: ReadHtmlCache Behavior ::run [ RunTime:0.002385s ]
INFO: [ app_begin ] --END-- [ RunTime:0.003834s ]
INFO: [ view_parse ] --START--
INFO: ParseTemplate Behavior ::run [ RunTime:0.034696s ]
INFO: [ view_parse ] --END-- [ RunTime:0.036379s ]
INFO: [ view_filter ] --START--
INFO: ContentReplace Behavior ::run [ RunTime:0.005632s ]
INFO: TokenBuild Behavior ::run [ RunTime:0.003975s ]
INFO: WriteHtmlCache Behavior ::run [ RunTime:0.002769s ]
INFO: ShowRuntime Behavior ::run [ RunTime:0.005160s ]
INFO: [ view_filter ] --END-- [ RunTime:0.021459s ]
INFO: [ view_end ] --START--
INFO: ShowPageTrace Behavior ::run [ RunTime:0.003596s ]
INFO: [ view_end ] --END-- [ RunTime:0.004937s ]

[ 2013-09-23T10:29:48+08:00 ] 192.168.1.44 /structs/operamail/
INFO: [ app_begin ] --START--
INFO: ReadHtmlCache Behavior ::run [ RunTime:0.002805s ]
INFO: [ app_begin ] --END-- [ RunTime:0.004396s ]
INFO: [ view_parse ] --START--
INFO: ParseTemplate Behavior ::run [ RunTime:0.049379s ]
INFO: [ view_parse ] --END-- [ RunTime:0.050920s ]
INFO: [ view_filter ] --START--
INFO: ContentReplace Behavior ::run [ RunTime:0.003483s ]
INFO: TokenBuild Behavior ::run [ RunTime:0.004819s ]
INFO: WriteHtmlCache Behavior ::run [ RunTime:0.002821s ]
INFO: ShowRuntime Behavior ::run [ RunTime:0.005846s ]
INFO: [ view_filter ] --END-- [ RunTime:0.020955s ]
INFO: [ view_end ] --START--
INFO: ShowPageTrace Behavior ::run [ RunTime:0.003814s ]
INFO: [ view_end ] --END-- [ RunTime:0.005148s ]

[ 2013-09-23T10:29:56+08:00 ] 192.168.1.44 /structs/operamail/
INFO: [ app_begin ] --START--
INFO: ReadHtmlCache Behavior ::run [ RunTime:0.003071s ]
INFO: [ app_begin ] --END-- [ RunTime:0.004475s ]
INFO: [ view_parse ] --START--
INFO: ParseTemplate Behavior ::run [ RunTime:0.032640s ]
INFO: [ view_parse ] --END-- [ RunTime:0.034040s ]
INFO: [ view_filter ] --START--
INFO: ContentReplace Behavior ::run [ RunTime:0.003486s ]
INFO: TokenBuild Behavior ::run [ RunTime:0.004126s ]
INFO: WriteHtmlCache Behavior ::run [ RunTime:0.002881s ]
INFO: ShowRuntime Behavior ::run [ RunTime:0.004531s ]
INFO: [ view_filter ] --END-- [ RunTime:0.018921s ]
INFO: [ view_end ] --START--
INFO: ShowPageTrace Behavior ::run [ RunTime:0.003646s ]
INFO: [ view_end ] --END-- [ RunTime:0.005017s ]

[ 2013-09-23T10:37:05+08:00 ] 192.168.1.44 /structs/operamail/
INFO: [ app_begin ] --START--
INFO: ReadHtmlCache Behavior ::run [ RunTime:0.003253s ]
INFO: [ app_begin ] --END-- [ RunTime:0.004710s ]
INFO: [ view_parse ] --START--
INFO: ParseTemplate Behavior ::run [ RunTime:0.075026s ]
INFO: [ view_parse ] --END-- [ RunTime:0.076429s ]
INFO: [ view_filter ] --START--
INFO: ContentReplace Behavior ::run [ RunTime:0.003575s ]
INFO: TokenBuild Behavior ::run [ RunTime:0.004064s ]
INFO: WriteHtmlCache Behavior ::run [ RunTime:0.003209s ]
INFO: ShowRuntime Behavior ::run [ RunTime:0.005193s ]
INFO: [ view_filter ] --END-- [ RunTime:0.019693s ]
INFO: [ view_end ] --START--
INFO: ShowPageTrace Behavior ::run [ RunTime:0.003768s ]
INFO: [ view_end ] --END-- [ RunTime:0.005201s ]

[ 2013-09-23T10:38:58+08:00 ] 192.168.1.44 /structs/operamail/
INFO: [ app_begin ] --START--
INFO: ReadHtmlCache Behavior ::run [ RunTime:0.004034s ]
INFO: [ app_begin ] --END-- [ RunTime:0.005591s ]
INFO: [ view_parse ] --START--
INFO: ParseTemplate Behavior ::run [ RunTime:0.105156s ]
INFO: [ view_parse ] --END-- [ RunTime:0.106545s ]
INFO: [ view_filter ] --START--
INFO: ContentReplace Behavior ::run [ RunTime:0.003637s ]
INFO: TokenBuild Behavior ::run [ RunTime:0.004047s ]
INFO: WriteHtmlCache Behavior ::run [ RunTime:0.002804s ]
INFO: ShowRuntime Behavior ::run [ RunTime:0.005066s ]
INFO: [ view_filter ] --END-- [ RunTime:0.019189s ]
INFO: [ view_end ] --START--
INFO: ShowPageTrace Behavior ::run [ RunTime:0.004353s ]
INFO: [ view_end ] --END-- [ RunTime:0.005899s ]

[ 2013-09-23T10:39:27+08:00 ] 192.168.1.44 /structs/operamail/
INFO: [ app_begin ] --START--
INFO: ReadHtmlCache Behavior ::run [ RunTime:0.003652s ]
INFO: [ app_begin ] --END-- [ RunTime:0.005192s ]
INFO: [ view_parse ] --START--
INFO: ParseTemplate Behavior ::run [ RunTime:0.069833s ]
INFO: [ view_parse ] --END-- [ RunTime:0.071546s ]
INFO: [ view_filter ] --START--
INFO: ContentReplace Behavior ::run [ RunTime:0.003877s ]
INFO: TokenBuild Behavior ::run [ RunTime:0.003909s ]
INFO: WriteHtmlCache Behavior ::run [ RunTime:0.002929s ]
INFO: ShowRuntime Behavior ::run [ RunTime:0.004872s ]
INFO: [ view_filter ] --END-- [ RunTime:0.019789s ]
INFO: [ view_end ] --START--
INFO: ShowPageTrace Behavior ::run [ RunTime:0.003488s ]
INFO: [ view_end ] --END-- [ RunTime:0.004789s ]

[ 2013-09-23T10:45:50+08:00 ] 192.168.1.44 /structs/operamail/
INFO: [ app_begin ] --START--
INFO: ReadHtmlCache Behavior ::run [ RunTime:0.003747s ]
INFO: [ app_begin ] --END-- [ RunTime:0.005084s ]
INFO: [ view_parse ] --START--
INFO: ParseTemplate Behavior ::run [ RunTime:0.177491s ]
INFO: [ view_parse ] --END-- [ RunTime:0.178955s ]
INFO: [ view_filter ] --START--
INFO: ContentReplace Behavior ::run [ RunTime:0.002768s ]
INFO: TokenBuild Behavior ::run [ RunTime:0.003265s ]
INFO: WriteHtmlCache Behavior ::run [ RunTime:0.002055s ]
INFO: ShowRuntime Behavior ::run [ RunTime:0.004335s ]
INFO: [ view_filter ] --END-- [ RunTime:0.016030s ]
INFO: [ view_end ] --START--
INFO: ShowPageTrace Behavior ::run [ RunTime:0.002922s ]
INFO: [ view_end ] --END-- [ RunTime:0.004227s ]

[ 2013-09-23T10:48:09+08:00 ] 192.168.1.44 /structs/operamail/
INFO: [ app_begin ] --START--
INFO: ReadHtmlCache Behavior ::run [ RunTime:0.005387s ]
INFO: [ app_begin ] --END-- [ RunTime:0.006876s ]
INFO: [ view_parse ] --START--
INFO: ParseTemplate Behavior ::run [ RunTime:0.074474s ]
INFO: [ view_parse ] --END-- [ RunTime:0.075893s ]
INFO: [ view_filter ] --START--
INFO: ContentReplace Behavior ::run [ RunTime:0.003189s ]
INFO: TokenBuild Behavior ::run [ RunTime:0.003494s ]
INFO: WriteHtmlCache Behavior ::run [ RunTime:0.002685s ]
INFO: ShowRuntime Behavior ::run [ RunTime:0.005001s ]
INFO: [ view_filter ] --END-- [ RunTime:0.019980s ]
INFO: [ view_end ] --START--
INFO: ShowPageTrace Behavior ::run [ RunTime:0.003056s ]
INFO: [ view_end ] --END-- [ RunTime:0.004369s ]

[ 2013-09-23T10:52:22+08:00 ] 192.168.1.44 /structs/operamail/
INFO: [ app_begin ] --START--
INFO: ReadHtmlCache Behavior ::run [ RunTime:0.003501s ]
INFO: [ app_begin ] --END-- [ RunTime:0.004908s ]
INFO: [ view_parse ] --START--
INFO: ParseTemplate Behavior ::run [ RunTime:0.049977s ]
INFO: [ view_parse ] --END-- [ RunTime:0.051434s ]
INFO: [ view_filter ] --START--
INFO: ContentReplace Behavior ::run [ RunTime:0.002836s ]
INFO: TokenBuild Behavior ::run [ RunTime:0.003178s ]
INFO: WriteHtmlCache Behavior ::run [ RunTime:0.002002s ]
INFO: ShowRuntime Behavior ::run [ RunTime:0.003945s ]
INFO: [ view_filter ] --END-- [ RunTime:0.015713s ]
INFO: [ view_end ] --START--
INFO: ShowPageTrace Behavior ::run [ RunTime:0.003255s ]
INFO: [ view_end ] --END-- [ RunTime:0.004590s ]

[ 2013-09-23T10:53:31+08:00 ] 192.168.1.44 /structs/operamail/
INFO: [ app_begin ] --START--
INFO: ReadHtmlCache Behavior ::run [ RunTime:0.003817s ]
INFO: [ app_begin ] --END-- [ RunTime:0.005428s ]
INFO: [ view_parse ] --START--
INFO: ParseTemplate Behavior ::run [ RunTime:0.084784s ]
INFO: [ view_parse ] --END-- [ RunTime:0.086345s ]
INFO: [ view_filter ] --START--
INFO: ContentReplace Behavior ::run [ RunTime:0.003608s ]
INFO: TokenBuild Behavior ::run [ RunTime:0.003764s ]
INFO: WriteHtmlCache Behavior ::run [ RunTime:0.002583s ]
INFO: ShowRuntime Behavior ::run [ RunTime:0.004804s ]
INFO: [ view_filter ] --END-- [ RunTime:0.018441s ]
INFO: [ view_end ] --START--
INFO: ShowPageTrace Behavior ::run [ RunTime:0.003774s ]
INFO: [ view_end ] --END-- [ RunTime:0.005127s ]

[ 2013-09-23T10:57:23+08:00 ] 192.168.1.44 /structs/operamail/
INFO: [ app_begin ] --START--
INFO: ReadHtmlCache Behavior ::run [ RunTime:0.003326s ]
INFO: [ app_begin ] --END-- [ RunTime:0.004956s ]
INFO: [ view_parse ] --START--
INFO: ParseTemplate Behavior ::run [ RunTime:0.076797s ]
INFO: [ view_parse ] --END-- [ RunTime:0.078362s ]
INFO: [ view_filter ] --START--
INFO: ContentReplace Behavior ::run [ RunTime:0.003303s ]
INFO: TokenBuild Behavior ::run [ RunTime:0.003304s ]
INFO: WriteHtmlCache Behavior ::run [ RunTime:0.002396s ]
INFO: ShowRuntime Behavior ::run [ RunTime:0.005150s ]
INFO: [ view_filter ] --END-- [ RunTime:0.017831s ]
INFO: [ view_end ] --START--
INFO: ShowPageTrace Behavior ::run [ RunTime:0.002913s ]
INFO: [ view_end ] --END-- [ RunTime:0.004238s ]

[ 2013-09-23T10:57:35+08:00 ] 192.168.1.44 /structs/operamail/
INFO: [ app_begin ] --START--
INFO: ReadHtmlCache Behavior ::run [ RunTime:0.003916s ]
INFO: [ app_begin ] --END-- [ RunTime:0.005314s ]
INFO: [ view_parse ] --START--
INFO: ParseTemplate Behavior ::run [ RunTime:0.342980s ]
INFO: [ view_parse ] --END-- [ RunTime:0.344339s ]
INFO: [ view_filter ] --START--
INFO: ContentReplace Behavior ::run [ RunTime:0.003263s ]
INFO: TokenBuild Behavior ::run [ RunTime:0.004757s ]
INFO: WriteHtmlCache Behavior ::run [ RunTime:0.003016s ]
INFO: ShowRuntime Behavior ::run [ RunTime:0.004574s ]
INFO: [ view_filter ] --END-- [ RunTime:0.019330s ]
INFO: [ view_end ] --START--
INFO: ShowPageTrace Behavior ::run [ RunTime:0.004305s ]
INFO: [ view_end ] --END-- [ RunTime:0.005711s ]

[ 2013-09-23T10:57:49+08:00 ] 192.168.1.44 /structs/operamail/
INFO: [ app_begin ] --START--
INFO: ReadHtmlCache Behavior ::run [ RunTime:0.003611s ]
INFO: [ app_begin ] --END-- [ RunTime:0.005001s ]
INFO: [ view_parse ] --START--
INFO: ParseTemplate Behavior ::run [ RunTime:0.082169s ]
INFO: [ view_parse ] --END-- [ RunTime:0.083591s ]
INFO: [ view_filter ] --START--
INFO: ContentReplace Behavior ::run [ RunTime:0.003785s ]
INFO: TokenBuild Behavior ::run [ RunTime:0.003202s ]
INFO: WriteHtmlCache Behavior ::run [ RunTime:0.002350s ]
INFO: ShowRuntime Behavior ::run [ RunTime:0.003841s ]
INFO: [ view_filter ] --END-- [ RunTime:0.017062s ]
INFO: [ view_end ] --START--
INFO: ShowPageTrace Behavior ::run [ RunTime:0.003191s ]
INFO: [ view_end ] --END-- [ RunTime:0.005803s ]

[ 2013-09-23T10:58:14+08:00 ] 192.168.1.44 /structs/operamail/
INFO: [ app_begin ] --START--
INFO: ReadHtmlCache Behavior ::run [ RunTime:0.002469s ]
INFO: [ app_begin ] --END-- [ RunTime:0.005078s ]
INFO: [ view_parse ] --START--
INFO: ParseTemplate Behavior ::run [ RunTime:0.064530s ]
INFO: [ view_parse ] --END-- [ RunTime:0.065957s ]
INFO: [ view_filter ] --START--
INFO: ContentReplace Behavior ::run [ RunTime:0.001949s ]
INFO: TokenBuild Behavior ::run [ RunTime:0.006347s ]
INFO: WriteHtmlCache Behavior ::run [ RunTime:0.001394s ]
INFO: ShowRuntime Behavior ::run [ RunTime:0.003823s ]
INFO: [ view_filter ] --END-- [ RunTime:0.017340s ]
INFO: [ view_end ] --START--
INFO: ShowPageTrace Behavior ::run [ RunTime:0.002224s ]
INFO: [ view_end ] --END-- [ RunTime:0.003525s ]

[ 2013-09-23T10:58:26+08:00 ] 192.168.1.44 /structs/operamail/
INFO: [ app_begin ] --START--
INFO: ReadHtmlCache Behavior ::run [ RunTime:0.005276s ]
INFO: [ app_begin ] --END-- [ RunTime:0.007298s ]
INFO: [ view_parse ] --START--
INFO: ParseTemplate Behavior ::run [ RunTime:0.076624s ]
INFO: [ view_parse ] --END-- [ RunTime:0.078033s ]
INFO: [ view_filter ] --START--
INFO: ContentReplace Behavior ::run [ RunTime:0.003553s ]
INFO: TokenBuild Behavior ::run [ RunTime:0.003926s ]
INFO: WriteHtmlCache Behavior ::run [ RunTime:0.002601s ]
INFO: ShowRuntime Behavior ::run [ RunTime:0.005259s ]
INFO: [ view_filter ] --END-- [ RunTime:0.019043s ]
INFO: [ view_end ] --START--
INFO: ShowPageTrace Behavior ::run [ RunTime:0.003418s ]
INFO: [ view_end ] --END-- [ RunTime:0.004748s ]

[ 2013-09-23T10:59:22+08:00 ] 192.168.1.44 /structs/operamail/
INFO: [ app_begin ] --START--
INFO: ReadHtmlCache Behavior ::run [ RunTime:0.003087s ]
INFO: [ app_begin ] --END-- [ RunTime:0.004768s ]
INFO: [ view_parse ] --START--
INFO: ParseTemplate Behavior ::run [ RunTime:0.064621s ]
INFO: [ view_parse ] --END-- [ RunTime:0.066139s ]
INFO: [ view_filter ] --START--
INFO: ContentReplace Behavior ::run [ RunTime:0.003273s ]
INFO: TokenBuild Behavior ::run [ RunTime:0.003848s ]
INFO: WriteHtmlCache Behavior ::run [ RunTime:0.002683s ]
INFO: ShowRuntime Behavior ::run [ RunTime:0.005106s ]
INFO: [ view_filter ] --END-- [ RunTime:0.018798s ]
INFO: [ view_end ] --START--
INFO: ShowPageTrace Behavior ::run [ RunTime:0.003696s ]
INFO: [ view_end ] --END-- [ RunTime:0.005002s ]

[ 2013-09-23T10:59:57+08:00 ] 192.168.1.44 /structs/operamail/
INFO: [ app_begin ] --START--
INFO: ReadHtmlCache Behavior ::run [ RunTime:0.004195s ]
INFO: [ app_begin ] --END-- [ RunTime:0.005769s ]
INFO: [ view_parse ] --START--
INFO: ParseTemplate Behavior ::run [ RunTime:0.071657s ]
INFO: [ view_parse ] --END-- [ RunTime:0.073151s ]
INFO: [ view_filter ] --START--
INFO: ContentReplace Behavior ::run [ RunTime:0.003533s ]
INFO: TokenBuild Behavior ::run [ RunTime:0.003809s ]
INFO: WriteHtmlCache Behavior ::run [ RunTime:0.003910s ]
INFO: ShowRuntime Behavior ::run [ RunTime:0.005065s ]
INFO: [ view_filter ] --END-- [ RunTime:0.020781s ]
INFO: [ view_end ] --START--
INFO: ShowPageTrace Behavior ::run [ RunTime:0.003530s ]
INFO: [ view_end ] --END-- [ RunTime:0.004848s ]

[ 2013-09-23T11:00:25+08:00 ] 192.168.1.44 /structs/operamail/
INFO: [ app_begin ] --START--
INFO: ReadHtmlCache Behavior ::run [ RunTime:0.002971s ]
INFO: [ app_begin ] --END-- [ RunTime:0.004596s ]
INFO: [ view_parse ] --START--
INFO: ParseTemplate Behavior ::run [ RunTime:0.064015s ]
INFO: [ view_parse ] --END-- [ RunTime:0.065525s ]
INFO: [ view_filter ] --START--
INFO: ContentReplace Behavior ::run [ RunTime:0.003349s ]
INFO: TokenBuild Behavior ::run [ RunTime:0.004494s ]
INFO: WriteHtmlCache Behavior ::run [ RunTime:0.002640s ]
INFO: ShowRuntime Behavior ::run [ RunTime:0.004836s ]
INFO: [ view_filter ] --END-- [ RunTime:0.019000s ]
INFO: [ view_end ] --START--
INFO: ShowPageTrace Behavior ::run [ RunTime:0.003770s ]
INFO: [ view_end ] --END-- [ RunTime:0.005067s ]

[ 2013-09-23T11:00:49+08:00 ] 192.168.1.44 /structs/operamail/
INFO: [ app_begin ] --START--
INFO: ReadHtmlCache Behavior ::run [ RunTime:0.006680s ]
INFO: [ app_begin ] --END-- [ RunTime:0.008115s ]
INFO: [ view_parse ] --START--
INFO: ParseTemplate Behavior ::run [ RunTime:0.035083s ]
INFO: [ view_parse ] --END-- [ RunTime:0.036530s ]
INFO: [ view_filter ] --START--
INFO: ContentReplace Behavior ::run [ RunTime:0.003580s ]
INFO: TokenBuild Behavior ::run [ RunTime:0.003186s ]
INFO: WriteHtmlCache Behavior ::run [ RunTime:0.002029s ]
INFO: ShowRuntime Behavior ::run [ RunTime:0.004209s ]
INFO: [ view_filter ] --END-- [ RunTime:0.018447s ]
INFO: [ view_end ] --START--
INFO: ShowPageTrace Behavior ::run [ RunTime:0.003658s ]
INFO: [ view_end ] --END-- [ RunTime:0.005049s ]

[ 2013-09-23T11:01:34+08:00 ] 192.168.1.44 /structs/operamail/
INFO: [ app_begin ] --START--
INFO: ReadHtmlCache Behavior ::run [ RunTime:0.002792s ]
INFO: [ app_begin ] --END-- [ RunTime:0.005628s ]
INFO: [ view_parse ] --START--
INFO: ParseTemplate Behavior ::run [ RunTime:0.211236s ]
INFO: [ view_parse ] --END-- [ RunTime:0.212905s ]
INFO: [ view_filter ] --START--
INFO: ContentReplace Behavior ::run [ RunTime:0.002009s ]
INFO: TokenBuild Behavior ::run [ RunTime:0.002512s ]
INFO: WriteHtmlCache Behavior ::run [ RunTime:0.001840s ]
INFO: ShowRuntime Behavior ::run [ RunTime:0.003397s ]
INFO: [ view_filter ] --END-- [ RunTime:0.015228s ]
INFO: [ view_end ] --START--
INFO: ShowPageTrace Behavior ::run [ RunTime:0.003055s ]
INFO: [ view_end ] --END-- [ RunTime:0.004478s ]

[ 2013-09-23T11:01:45+08:00 ] 192.168.1.44 /structs/operamail/
INFO: [ app_begin ] --START--
INFO: ReadHtmlCache Behavior ::run [ RunTime:0.003122s ]
INFO: [ app_begin ] --END-- [ RunTime:0.004546s ]
INFO: [ view_parse ] --START--
INFO: ParseTemplate Behavior ::run [ RunTime:0.050100s ]
INFO: [ view_parse ] --END-- [ RunTime:0.051623s ]
INFO: [ view_filter ] --START--
INFO: ContentReplace Behavior ::run [ RunTime:0.003728s ]
INFO: TokenBuild Behavior ::run [ RunTime:0.003734s ]
INFO: WriteHtmlCache Behavior ::run [ RunTime:0.002810s ]
INFO: ShowRuntime Behavior ::run [ RunTime:0.004459s ]
INFO: [ view_filter ] --END-- [ RunTime:0.018597s ]
INFO: [ view_end ] --START--
INFO: ShowPageTrace Behavior ::run [ RunTime:0.003585s ]
INFO: [ view_end ] --END-- [ RunTime:0.004914s ]

[ 2013-09-23T11:06:47+08:00 ] 192.168.1.44 /structs/operamail/
INFO: [ app_begin ] --START--
INFO: ReadHtmlCache Behavior ::run [ RunTime:0.004251s ]
INFO: [ app_begin ] --END-- [ RunTime:0.005832s ]
INFO: [ view_parse ] --START--
INFO: ParseTemplate Behavior ::run [ RunTime:0.083388s ]
INFO: [ view_parse ] --END-- [ RunTime:0.084868s ]
INFO: [ view_filter ] --START--
INFO: ContentReplace Behavior ::run [ RunTime:0.003963s ]
INFO: TokenBuild Behavior ::run [ RunTime:0.004498s ]
INFO: WriteHtmlCache Behavior ::run [ RunTime:0.003464s ]
INFO: ShowRuntime Behavior ::run [ RunTime:0.005852s ]
INFO: [ view_filter ] --END-- [ RunTime:0.022297s ]
INFO: [ view_end ] --START--
INFO: ShowPageTrace Behavior ::run [ RunTime:0.003998s ]
INFO: [ view_end ] --END-- [ RunTime:0.005315s ]

[ 2013-09-23T11:07:59+08:00 ] 192.168.1.44 /structs/operamail/
INFO: [ app_begin ] --START--
INFO: ReadHtmlCache Behavior ::run [ RunTime:0.004925s ]
INFO: [ app_begin ] --END-- [ RunTime:0.006509s ]
INFO: [ view_parse ] --START--
INFO: ParseTemplate Behavior ::run [ RunTime:0.037797s ]
INFO: [ view_parse ] --END-- [ RunTime:0.039366s ]
INFO: [ view_filter ] --START--
INFO: ContentReplace Behavior ::run [ RunTime:0.002837s ]
INFO: TokenBuild Behavior ::run [ RunTime:0.003101s ]
INFO: WriteHtmlCache Behavior ::run [ RunTime:0.002063s ]
INFO: ShowRuntime Behavior ::run [ RunTime:0.004495s ]
INFO: [ view_filter ] --END-- [ RunTime:0.016387s ]
INFO: [ view_end ] --START--
INFO: ShowPageTrace Behavior ::run [ RunTime:0.002827s ]
INFO: [ view_end ] --END-- [ RunTime:0.004136s ]

[ 2013-09-23T11:08:11+08:00 ] 192.168.1.44 /structs/operamail/
INFO: [ app_begin ] --START--
INFO: ReadHtmlCache Behavior ::run [ RunTime:0.003936s ]
INFO: [ app_begin ] --END-- [ RunTime:0.005339s ]
INFO: [ view_parse ] --START--
INFO: ParseTemplate Behavior ::run [ RunTime:0.036186s ]
INFO: [ view_parse ] --END-- [ RunTime:0.037603s ]
INFO: [ view_filter ] --START--
INFO: ContentReplace Behavior ::run [ RunTime:0.003782s ]
INFO: TokenBuild Behavior ::run [ RunTime:0.005466s ]
INFO: WriteHtmlCache Behavior ::run [ RunTime:0.002701s ]
INFO: ShowRuntime Behavior ::run [ RunTime:0.004443s ]
INFO: [ view_filter ] --END-- [ RunTime:0.020061s ]
INFO: [ view_end ] --START--
INFO: ShowPageTrace Behavior ::run [ RunTime:0.003858s ]
INFO: [ view_end ] --END-- [ RunTime:0.005435s ]

[ 2013-09-23T11:08:24+08:00 ] 192.168.1.44 /structs/operamail/
INFO: [ app_begin ] --START--
INFO: ReadHtmlCache Behavior ::run [ RunTime:0.002831s ]
INFO: [ app_begin ] --END-- [ RunTime:0.004201s ]
INFO: [ view_parse ] --START--
INFO: ParseTemplate Behavior ::run [ RunTime:0.037460s ]
INFO: [ view_parse ] --END-- [ RunTime:0.039184s ]
INFO: [ view_filter ] --START--
INFO: ContentReplace Behavior ::run [ RunTime:0.004440s ]
INFO: TokenBuild Behavior ::run [ RunTime:0.004259s ]
INFO: WriteHtmlCache Behavior ::run [ RunTime:0.003330s ]
INFO: ShowRuntime Behavior ::run [ RunTime:0.005643s ]
INFO: [ view_filter ] --END-- [ RunTime:0.022537s ]
INFO: [ view_end ] --START--
INFO: ShowPageTrace Behavior ::run [ RunTime:0.003850s ]
INFO: [ view_end ] --END-- [ RunTime:0.005545s ]

[ 2013-09-23T11:08:46+08:00 ] 192.168.1.44 /structs/operamail/
INFO: [ app_begin ] --START--
INFO: ReadHtmlCache Behavior ::run [ RunTime:0.003449s ]
INFO: [ app_begin ] --END-- [ RunTime:0.005037s ]
INFO: [ view_parse ] --START--
INFO: ParseTemplate Behavior ::run [ RunTime:0.039919s ]
INFO: [ view_parse ] --END-- [ RunTime:0.041568s ]
INFO: [ view_filter ] --START--
INFO: ContentReplace Behavior ::run [ RunTime:0.003512s ]
INFO: TokenBuild Behavior ::run [ RunTime:0.003699s ]
INFO: WriteHtmlCache Behavior ::run [ RunTime:0.002534s ]
INFO: ShowRuntime Behavior ::run [ RunTime:0.004804s ]
INFO: [ view_filter ] --END-- [ RunTime:0.018301s ]
INFO: [ view_end ] --START--
INFO: ShowPageTrace Behavior ::run [ RunTime:0.003610s ]
INFO: [ view_end ] --END-- [ RunTime:0.004959s ]

[ 2013-09-23T11:09:03+08:00 ] 192.168.1.44 /structs/operamail/
INFO: [ app_begin ] --START--
INFO: ReadHtmlCache Behavior ::run [ RunTime:0.003994s ]
INFO: [ app_begin ] --END-- [ RunTime:0.008299s ]
INFO: [ view_parse ] --START--
INFO: ParseTemplate Behavior ::run [ RunTime:0.040902s ]
INFO: [ view_parse ] --END-- [ RunTime:0.042330s ]
INFO: [ view_filter ] --START--
INFO: ContentReplace Behavior ::run [ RunTime:0.003762s ]
INFO: TokenBuild Behavior ::run [ RunTime:0.004260s ]
INFO: WriteHtmlCache Behavior ::run [ RunTime:0.003638s ]
INFO: ShowRuntime Behavior ::run [ RunTime:0.005052s ]
INFO: [ view_filter ] --END-- [ RunTime:0.020272s ]
INFO: [ view_end ] --START--
INFO: ShowPageTrace Behavior ::run [ RunTime:0.004274s ]
INFO: [ view_end ] --END-- [ RunTime:0.006078s ]

[ 2013-09-23T11:09:55+08:00 ] 192.168.1.44 /structs/operamail/
INFO: [ app_begin ] --START--
INFO: ReadHtmlCache Behavior ::run [ RunTime:0.003291s ]
INFO: [ app_begin ] --END-- [ RunTime:0.004970s ]
INFO: [ view_parse ] --START--
INFO: ParseTemplate Behavior ::run [ RunTime:0.044487s ]
INFO: [ view_parse ] --END-- [ RunTime:0.046104s ]
INFO: [ view_filter ] --START--
INFO: ContentReplace Behavior ::run [ RunTime:0.003868s ]
INFO: TokenBuild Behavior ::run [ RunTime:0.005374s ]
INFO: WriteHtmlCache Behavior ::run [ RunTime:0.003498s ]
INFO: ShowRuntime Behavior ::run [ RunTime:0.005214s ]
INFO: [ view_filter ] --END-- [ RunTime:0.023158s ]
INFO: [ view_end ] --START--
INFO: ShowPageTrace Behavior ::run [ RunTime:0.003807s ]
INFO: [ view_end ] --END-- [ RunTime:0.005616s ]

[ 2013-09-23T11:10:09+08:00 ] 192.168.1.44 /structs/operamail/
INFO: [ app_begin ] --START--
INFO: ReadHtmlCache Behavior ::run [ RunTime:0.002627s ]
INFO: [ app_begin ] --END-- [ RunTime:0.004129s ]
INFO: [ view_parse ] --START--
INFO: ParseTemplate Behavior ::run [ RunTime:0.032389s ]
INFO: [ view_parse ] --END-- [ RunTime:0.033844s ]
INFO: [ view_filter ] --START--
INFO: ContentReplace Behavior ::run [ RunTime:0.003456s ]
INFO: TokenBuild Behavior ::run [ RunTime:0.004423s ]
INFO: WriteHtmlCache Behavior ::run [ RunTime:0.003068s ]
INFO: ShowRuntime Behavior ::run [ RunTime:0.004797s ]
INFO: [ view_filter ] --END-- [ RunTime:0.019464s ]
INFO: [ view_end ] --START--
INFO: ShowPageTrace Behavior ::run [ RunTime:0.003793s ]
INFO: [ view_end ] --END-- [ RunTime:0.005093s ]

[ 2013-09-23T11:10:17+08:00 ] 192.168.1.44 /structs/operamail/
INFO: [ app_begin ] --START--
INFO: ReadHtmlCache Behavior ::run [ RunTime:0.003000s ]
INFO: [ app_begin ] --END-- [ RunTime:0.004736s ]
INFO: [ view_parse ] --START--
INFO: ParseTemplate Behavior ::run [ RunTime:0.029991s ]
INFO: [ view_parse ] --END-- [ RunTime:0.031509s ]
INFO: [ view_filter ] --START--
INFO: ContentReplace Behavior ::run [ RunTime:0.004071s ]
INFO: TokenBuild Behavior ::run [ RunTime:0.004166s ]
INFO: WriteHtmlCache Behavior ::run [ RunTime:0.002617s ]
INFO: ShowRuntime Behavior ::run [ RunTime:0.005525s ]
INFO: [ view_filter ] --END-- [ RunTime:0.020021s ]
INFO: [ view_end ] --START--
INFO: ShowPageTrace Behavior ::run [ RunTime:0.003591s ]
INFO: [ view_end ] --END-- [ RunTime:0.004958s ]

[ 2013-09-23T11:12:58+08:00 ] 192.168.1.44 /structs/operamail/
INFO: [ app_begin ] --START--
INFO: ReadHtmlCache Behavior ::run [ RunTime:0.003511s ]
INFO: [ app_begin ] --END-- [ RunTime:0.004875s ]
INFO: [ view_parse ] --START--
INFO: ParseTemplate Behavior ::run [ RunTime:0.039299s ]
INFO: [ view_parse ] --END-- [ RunTime:0.040725s ]
INFO: [ view_filter ] --START--
INFO: ContentReplace Behavior ::run [ RunTime:0.003331s ]
INFO: TokenBuild Behavior ::run [ RunTime:0.003989s ]
INFO: WriteHtmlCache Behavior ::run [ RunTime:0.002959s ]
INFO: ShowRuntime Behavior ::run [ RunTime:0.004802s ]
INFO: [ view_filter ] --END-- [ RunTime:0.019052s ]
INFO: [ view_end ] --START--
INFO: ShowPageTrace Behavior ::run [ RunTime:0.003513s ]
INFO: [ view_end ] --END-- [ RunTime:0.004859s ]

[ 2013-09-23T11:13:55+08:00 ] 192.168.1.44 /structs/operamail/
INFO: [ app_begin ] --START--
INFO: ReadHtmlCache Behavior ::run [ RunTime:0.005023s ]
INFO: [ app_begin ] --END-- [ RunTime:0.006677s ]
INFO: [ view_parse ] --START--
INFO: ParseTemplate Behavior ::run [ RunTime:0.039854s ]
INFO: [ view_parse ] --END-- [ RunTime:0.041609s ]
INFO: [ view_filter ] --START--
INFO: ContentReplace Behavior ::run [ RunTime:0.003396s ]
INFO: TokenBuild Behavior ::run [ RunTime:0.003704s ]
INFO: WriteHtmlCache Behavior ::run [ RunTime:0.003182s ]
INFO: ShowRuntime Behavior ::run [ RunTime:0.006240s ]
INFO: [ view_filter ] --END-- [ RunTime:0.021383s ]
INFO: [ view_end ] --START--
INFO: ShowPageTrace Behavior ::run [ RunTime:0.002981s ]
INFO: [ view_end ] --END-- [ RunTime:0.004801s ]

[ 2013-09-23T11:14:52+08:00 ] 192.168.1.44 /structs/operamail/
INFO: [ app_begin ] --START--
INFO: ReadHtmlCache Behavior ::run [ RunTime:0.006997s ]
INFO: [ app_begin ] --END-- [ RunTime:0.009716s ]
INFO: [ view_parse ] --START--
INFO: ParseTemplate Behavior ::run [ RunTime:0.060135s ]
INFO: [ view_parse ] --END-- [ RunTime:0.061920s ]
INFO: [ view_filter ] --START--
INFO: ContentReplace Behavior ::run [ RunTime:0.003038s ]
INFO: TokenBuild Behavior ::run [ RunTime:0.003453s ]
INFO: WriteHtmlCache Behavior ::run [ RunTime:0.003878s ]
INFO: ShowRuntime Behavior ::run [ RunTime:0.006434s ]
INFO: [ view_filter ] --END-- [ RunTime:0.020847s ]
INFO: [ view_end ] --START--
INFO: ShowPageTrace Behavior ::run [ RunTime:0.003350s ]
INFO: [ view_end ] --END-- [ RunTime:0.004649s ]

[ 2013-09-23T11:15:45+08:00 ] 192.168.1.44 /structs/operamail/
INFO: [ app_begin ] --START--
INFO: ReadHtmlCache Behavior ::run [ RunTime:0.002366s ]
INFO: [ app_begin ] --END-- [ RunTime:0.003845s ]
INFO: [ view_parse ] --START--
INFO: ParseTemplate Behavior ::run [ RunTime:0.064500s ]
INFO: [ view_parse ] --END-- [ RunTime:0.065911s ]
INFO: [ view_filter ] --START--
INFO: ContentReplace Behavior ::run [ RunTime:0.002061s ]
INFO: TokenBuild Behavior ::run [ RunTime:0.002419s ]
INFO: WriteHtmlCache Behavior ::run [ RunTime:0.001216s ]
INFO: ShowRuntime Behavior ::run [ RunTime:0.003209s ]
INFO: [ view_filter ] --END-- [ RunTime:0.012483s ]
INFO: [ view_end ] --START--
INFO: ShowPageTrace Behavior ::run [ RunTime:0.002555s ]
INFO: [ view_end ] --END-- [ RunTime:0.004103s ]

[ 2013-09-23T11:16:00+08:00 ] 192.168.1.44 /structs/operamail/
INFO: [ app_begin ] --START--
INFO: ReadHtmlCache Behavior ::run [ RunTime:0.003138s ]
INFO: [ app_begin ] --END-- [ RunTime:0.004518s ]
INFO: [ view_parse ] --START--
INFO: ParseTemplate Behavior ::run [ RunTime:0.074698s ]
INFO: [ view_parse ] --END-- [ RunTime:0.076288s ]
INFO: [ view_filter ] --START--
INFO: ContentReplace Behavior ::run [ RunTime:0.003318s ]
INFO: TokenBuild Behavior ::run [ RunTime:0.004753s ]
INFO: WriteHtmlCache Behavior ::run [ RunTime:0.004390s ]
INFO: ShowRuntime Behavior ::run [ RunTime:0.005859s ]
INFO: [ view_filter ] --END-- [ RunTime:0.022240s ]
INFO: [ view_end ] --START--
INFO: ShowPageTrace Behavior ::run [ RunTime:0.004310s ]
INFO: [ view_end ] --END-- [ RunTime:0.005744s ]

[ 2013-09-23T11:17:31+08:00 ] 192.168.1.44 /structs/operamail/
INFO: [ app_begin ] --START--
INFO: ReadHtmlCache Behavior ::run [ RunTime:0.003916s ]
INFO: [ app_begin ] --END-- [ RunTime:0.005303s ]
INFO: [ view_parse ] --START--
INFO: ParseTemplate Behavior ::run [ RunTime:0.078416s ]
INFO: [ view_parse ] --END-- [ RunTime:0.079854s ]
INFO: [ view_filter ] --START--
INFO: ContentReplace Behavior ::run [ RunTime:0.003901s ]
INFO: TokenBuild Behavior ::run [ RunTime:0.004841s ]
INFO: WriteHtmlCache Behavior ::run [ RunTime:0.002647s ]
INFO: ShowRuntime Behavior ::run [ RunTime:0.004768s ]
INFO: [ view_filter ] --END-- [ RunTime:0.020278s ]
INFO: [ view_end ] --START--
INFO: ShowPageTrace Behavior ::run [ RunTime:0.004913s ]
INFO: [ view_end ] --END-- [ RunTime:0.006265s ]

[ 2013-09-23T11:18:06+08:00 ] 192.168.1.44 /structs/operamail/
INFO: [ app_begin ] --START--
INFO: ReadHtmlCache Behavior ::run [ RunTime:0.003595s ]
INFO: [ app_begin ] --END-- [ RunTime:0.005170s ]
INFO: [ view_parse ] --START--
INFO: ParseTemplate Behavior ::run [ RunTime:0.071380s ]
INFO: [ view_parse ] --END-- [ RunTime:0.072883s ]
INFO: [ view_filter ] --START--
INFO: ContentReplace Behavior ::run [ RunTime:0.003966s ]
INFO: TokenBuild Behavior ::run [ RunTime:0.004066s ]
INFO: WriteHtmlCache Behavior ::run [ RunTime:0.003055s ]
INFO: ShowRuntime Behavior ::run [ RunTime:0.004620s ]
INFO: [ view_filter ] --END-- [ RunTime:0.020170s ]
INFO: [ view_end ] --START--
INFO: ShowPageTrace Behavior ::run [ RunTime:0.003909s ]
INFO: [ view_end ] --END-- [ RunTime:0.005215s ]

[ 2013-09-23T11:19:08+08:00 ] 192.168.1.44 /structs/operamail/
INFO: [ app_begin ] --START--
INFO: ReadHtmlCache Behavior ::run [ RunTime:0.004679s ]
INFO: [ app_begin ] --END-- [ RunTime:0.006363s ]
INFO: [ view_parse ] --START--
INFO: ParseTemplate Behavior ::run [ RunTime:0.074642s ]
INFO: [ view_parse ] --END-- [ RunTime:0.076058s ]
INFO: [ view_filter ] --START--
INFO: ContentReplace Behavior ::run [ RunTime:0.003910s ]
INFO: TokenBuild Behavior ::run [ RunTime:0.003743s ]
INFO: WriteHtmlCache Behavior ::run [ RunTime:0.003415s ]
INFO: ShowRuntime Behavior ::run [ RunTime:0.004901s ]
INFO: [ view_filter ] --END-- [ RunTime:0.019637s ]
INFO: [ view_end ] --START--
INFO: ShowPageTrace Behavior ::run [ RunTime:0.003517s ]
INFO: [ view_end ] --END-- [ RunTime:0.005033s ]

[ 2013-09-23T11:19:49+08:00 ] 192.168.1.44 /structs/operamail/
INFO: [ app_begin ] --START--
INFO: ReadHtmlCache Behavior ::run [ RunTime:0.004461s ]
INFO: [ app_begin ] --END-- [ RunTime:0.006115s ]
INFO: [ view_parse ] --START--
INFO: ParseTemplate Behavior ::run [ RunTime:0.035684s ]
INFO: [ view_parse ] --END-- [ RunTime:0.037079s ]
INFO: [ view_filter ] --START--
INFO: ContentReplace Behavior ::run [ RunTime:0.002844s ]
INFO: TokenBuild Behavior ::run [ RunTime:0.004592s ]
INFO: WriteHtmlCache Behavior ::run [ RunTime:0.002047s ]
INFO: ShowRuntime Behavior ::run [ RunTime:0.004182s ]
INFO: [ view_filter ] --END-- [ RunTime:0.017933s ]
INFO: [ view_end ] --START--
INFO: ShowPageTrace Behavior ::run [ RunTime:0.003067s ]
INFO: [ view_end ] --END-- [ RunTime:0.004420s ]

[ 2013-09-23T11:52:29+08:00 ] 192.168.1.44 /structs/operamail/
INFO: [ app_begin ] --START--
INFO: ReadHtmlCache Behavior ::run [ RunTime:0.003351s ]
INFO: [ app_begin ] --END-- [ RunTime:0.004911s ]
INFO: [ view_parse ] --START--
INFO: ParseTemplate Behavior ::run [ RunTime:0.065276s ]
INFO: [ view_parse ] --END-- [ RunTime:0.066885s ]
INFO: [ view_filter ] --START--
INFO: ContentReplace Behavior ::run [ RunTime:0.003361s ]
INFO: TokenBuild Behavior ::run [ RunTime:0.003231s ]
INFO: WriteHtmlCache Behavior ::run [ RunTime:0.002478s ]
INFO: ShowRuntime Behavior ::run [ RunTime:0.004068s ]
INFO: [ view_filter ] --END-- [ RunTime:0.017711s ]
INFO: [ view_end ] --START--
INFO: ShowPageTrace Behavior ::run [ RunTime:0.003002s ]
INFO: [ view_end ] --END-- [ RunTime:0.004399s ]

[ 2013-09-23T11:54:08+08:00 ] 192.168.1.44 /structs/operamail/
INFO: [ app_begin ] --START--
INFO: ReadHtmlCache Behavior ::run [ RunTime:0.005482s ]
INFO: [ app_begin ] --END-- [ RunTime:0.006848s ]
INFO: [ view_parse ] --START--
INFO: ParseTemplate Behavior ::run [ RunTime:0.082245s ]
INFO: [ view_parse ] --END-- [ RunTime:0.083692s ]
INFO: [ view_filter ] --START--
INFO: ContentReplace Behavior ::run [ RunTime:0.004747s ]
INFO: TokenBuild Behavior ::run [ RunTime:0.004484s ]
INFO: WriteHtmlCache Behavior ::run [ RunTime:0.002751s ]
INFO: ShowRuntime Behavior ::run [ RunTime:0.005034s ]
INFO: [ view_filter ] --END-- [ RunTime:0.021013s ]
INFO: [ view_end ] --START--
INFO: ShowPageTrace Behavior ::run [ RunTime:0.003607s ]
INFO: [ view_end ] --END-- [ RunTime:0.004897s ]

[ 2013-09-23T13:57:54+08:00 ] 192.168.1.44 /structs/operamail/
INFO: [ app_begin ] --START--
INFO: ReadHtmlCache Behavior ::run [ RunTime:0.135765s ]
INFO: [ app_begin ] --END-- [ RunTime:0.225798s ]
INFO: [ view_parse ] --START--
INFO: ParseTemplate Behavior ::run [ RunTime:1.652503s ]
INFO: [ view_parse ] --END-- [ RunTime:1.665450s ]
INFO: [ view_filter ] --START--
INFO: ContentReplace Behavior ::run [ RunTime:0.025341s ]
INFO: TokenBuild Behavior ::run [ RunTime:0.043717s ]
INFO: WriteHtmlCache Behavior ::run [ RunTime:0.002091s ]
INFO: ShowRuntime Behavior ::run [ RunTime:0.005465s ]
INFO: [ view_filter ] --END-- [ RunTime:0.080282s ]
INFO: [ view_end ] --START--
INFO: ShowPageTrace Behavior ::run [ RunTime:0.077281s ]
INFO: [ view_end ] --END-- [ RunTime:0.078733s ]

[ 2013-09-23T14:02:05+08:00 ] 192.168.1.44 /structs/operamail/
INFO: [ app_begin ] --START--
INFO: ReadHtmlCache Behavior ::run [ RunTime:0.003041s ]
INFO: [ app_begin ] --END-- [ RunTime:0.004394s ]
INFO: [ view_parse ] --START--
INFO: ParseTemplate Behavior ::run [ RunTime:0.205922s ]
INFO: [ view_parse ] --END-- [ RunTime:0.207621s ]
INFO: [ view_filter ] --START--
INFO: ContentReplace Behavior ::run [ RunTime:0.002909s ]
INFO: TokenBuild Behavior ::run [ RunTime:0.003219s ]
INFO: WriteHtmlCache Behavior ::run [ RunTime:0.001948s ]
INFO: ShowRuntime Behavior ::run [ RunTime:0.003933s ]
INFO: [ view_filter ] --END-- [ RunTime:0.016507s ]
INFO: [ view_end ] --START--
INFO: ShowPageTrace Behavior ::run [ RunTime:0.003242s ]
INFO: [ view_end ] --END-- [ RunTime:0.004600s ]

[ 2013-09-23T14:03:24+08:00 ] 192.168.1.44 /structs/operamail/
INFO: [ app_begin ] --START--
INFO: ReadHtmlCache Behavior ::run [ RunTime:0.004594s ]
INFO: [ app_begin ] --END-- [ RunTime:0.005990s ]
INFO: [ view_parse ] --START--
INFO: ParseTemplate Behavior ::run [ RunTime:0.300915s ]
INFO: [ view_parse ] --END-- [ RunTime:0.366803s ]
INFO: [ view_filter ] --START--
INFO: ContentReplace Behavior ::run [ RunTime:0.003842s ]
INFO: TokenBuild Behavior ::run [ RunTime:0.003841s ]
INFO: WriteHtmlCache Behavior ::run [ RunTime:0.002654s ]
INFO: ShowRuntime Behavior ::run [ RunTime:0.005088s ]
INFO: [ view_filter ] --END-- [ RunTime:0.019310s ]
INFO: [ view_end ] --START--
INFO: ShowPageTrace Behavior ::run [ RunTime:0.036105s ]
INFO: [ view_end ] --END-- [ RunTime:0.037530s ]

[ 2013-09-23T14:04:40+08:00 ] 192.168.1.44 /structs/operamail/
INFO: [ app_begin ] --START--
INFO: ReadHtmlCache Behavior ::run [ RunTime:0.003232s ]
INFO: [ app_begin ] --END-- [ RunTime:0.004974s ]
INFO: [ view_parse ] --START--
INFO: ParseTemplate Behavior ::run [ RunTime:0.385134s ]
INFO: [ view_parse ] --END-- [ RunTime:0.414147s ]
INFO: [ view_filter ] --START--
INFO: ContentReplace Behavior ::run [ RunTime:0.003383s ]
INFO: TokenBuild Behavior ::run [ RunTime:0.004001s ]
INFO: WriteHtmlCache Behavior ::run [ RunTime:0.002912s ]
INFO: ShowRuntime Behavior ::run [ RunTime:0.004851s ]
INFO: [ view_filter ] --END-- [ RunTime:0.018872s ]
INFO: [ view_end ] --START--
INFO: ShowPageTrace Behavior ::run [ RunTime:0.004246s ]
INFO: [ view_end ] --END-- [ RunTime:0.005578s ]

[ 2013-09-23T14:06:17+08:00 ] 192.168.1.44 /structs/operamail/
INFO: [ app_begin ] --START--
INFO: ReadHtmlCache Behavior ::run [ RunTime:0.003317s ]
INFO: [ app_begin ] --END-- [ RunTime:0.004704s ]
INFO: [ view_parse ] --START--
INFO: ParseTemplate Behavior ::run [ RunTime:0.284438s ]
INFO: [ view_parse ] --END-- [ RunTime:0.286001s ]
INFO: [ view_filter ] --START--
INFO: ContentReplace Behavior ::run [ RunTime:0.003417s ]
INFO: TokenBuild Behavior ::run [ RunTime:0.003341s ]
INFO: WriteHtmlCache Behavior ::run [ RunTime:0.002612s ]
INFO: ShowRuntime Behavior ::run [ RunTime:0.004195s ]
INFO: [ view_filter ] --END-- [ RunTime:0.017288s ]
INFO: [ view_end ] --START--
INFO: ShowPageTrace Behavior ::run [ RunTime:0.002842s ]
INFO: [ view_end ] --END-- [ RunTime:0.004156s ]

[ 2013-09-23T14:07:16+08:00 ] 192.168.1.44 /structs/operamail/
INFO: [ app_begin ] --START--
INFO: ReadHtmlCache Behavior ::run [ RunTime:0.004446s ]
INFO: [ app_begin ] --END-- [ RunTime:0.007727s ]
INFO: [ view_parse ] --START--
INFO: ParseTemplate Behavior ::run [ RunTime:0.066219s ]
INFO: [ view_parse ] --END-- [ RunTime:0.067748s ]
INFO: [ view_filter ] --START--
INFO: ContentReplace Behavior ::run [ RunTime:0.003878s ]
INFO: TokenBuild Behavior ::run [ RunTime:0.003202s ]
INFO: WriteHtmlCache Behavior ::run [ RunTime:0.002269s ]
INFO: ShowRuntime Behavior ::run [ RunTime:0.005003s ]
INFO: [ view_filter ] --END-- [ RunTime:0.019015s ]
INFO: [ view_end ] --START--
INFO: ShowPageTrace Behavior ::run [ RunTime:0.003532s ]
INFO: [ view_end ] --END-- [ RunTime:0.005101s ]

[ 2013-09-23T14:09:06+08:00 ] 192.168.1.44 /structs/operamail/
INFO: [ app_begin ] --START--
INFO: ReadHtmlCache Behavior ::run [ RunTime:0.003260s ]
INFO: [ app_begin ] --END-- [ RunTime:0.004798s ]
INFO: [ view_parse ] --START--
INFO: ParseTemplate Behavior ::run [ RunTime:0.089483s ]
INFO: [ view_parse ] --END-- [ RunTime:0.090871s ]
INFO: [ view_filter ] --START--
INFO: ContentReplace Behavior ::run [ RunTime:0.003375s ]
INFO: TokenBuild Behavior ::run [ RunTime:0.003813s ]
INFO: WriteHtmlCache Behavior ::run [ RunTime:0.002695s ]
INFO: ShowRuntime Behavior ::run [ RunTime:0.004392s ]
INFO: [ view_filter ] --END-- [ RunTime:0.018317s ]
INFO: [ view_end ] --START--
INFO: ShowPageTrace Behavior ::run [ RunTime:0.003659s ]
INFO: [ view_end ] --END-- [ RunTime:0.005041s ]

[ 2013-09-23T14:10:03+08:00 ] 192.168.1.44 /structs/operamail/
INFO: [ app_begin ] --START--
INFO: ReadHtmlCache Behavior ::run [ RunTime:0.004355s ]
INFO: [ app_begin ] --END-- [ RunTime:0.006375s ]
INFO: [ view_parse ] --START--
INFO: ParseTemplate Behavior ::run [ RunTime:0.126891s ]
INFO: [ view_parse ] --END-- [ RunTime:0.128398s ]
INFO: [ view_filter ] --START--
INFO: ContentReplace Behavior ::run [ RunTime:0.002786s ]
INFO: TokenBuild Behavior ::run [ RunTime:0.003362s ]
INFO: WriteHtmlCache Behavior ::run [ RunTime:0.002420s ]
INFO: ShowRuntime Behavior ::run [ RunTime:0.004006s ]
INFO: [ view_filter ] --END-- [ RunTime:0.016221s ]
INFO: [ view_end ] --START--
INFO: ShowPageTrace Behavior ::run [ RunTime:0.002772s ]
INFO: [ view_end ] --END-- [ RunTime:0.004647s ]

[ 2013-09-23T14:12:07+08:00 ] 192.168.1.44 /structs/operamail/
INFO: [ app_begin ] --START--
INFO: ReadHtmlCache Behavior ::run [ RunTime:0.004087s ]
INFO: [ app_begin ] --END-- [ RunTime:0.006123s ]
INFO: [ view_parse ] --START--
INFO: ParseTemplate Behavior ::run [ RunTime:0.042921s ]
INFO: [ view_parse ] --END-- [ RunTime:0.044573s ]
INFO: [ view_filter ] --START--
INFO: ContentReplace Behavior ::run [ RunTime:0.004867s ]
INFO: TokenBuild Behavior ::run [ RunTime:0.004665s ]
INFO: WriteHtmlCache Behavior ::run [ RunTime:0.002610s ]
INFO: ShowRuntime Behavior ::run [ RunTime:0.005347s ]
INFO: [ view_filter ] --END-- [ RunTime:0.021224s ]
INFO: [ view_end ] --START--
INFO: ShowPageTrace Behavior ::run [ RunTime:0.003665s ]
INFO: [ view_end ] --END-- [ RunTime:0.004968s ]

[ 2013-09-23T14:13:07+08:00 ] 192.168.1.44 /structs/operamail/
INFO: [ app_begin ] --START--
INFO: ReadHtmlCache Behavior ::run [ RunTime:0.003959s ]
INFO: [ app_begin ] --END-- [ RunTime:0.005691s ]
INFO: [ view_parse ] --START--
INFO: ParseTemplate Behavior ::run [ RunTime:0.044699s ]
INFO: [ view_parse ] --END-- [ RunTime:0.046348s ]
INFO: [ view_filter ] --START--
INFO: ContentReplace Behavior ::run [ RunTime:0.005454s ]
INFO: TokenBuild Behavior ::run [ RunTime:0.004291s ]
INFO: WriteHtmlCache Behavior ::run [ RunTime:0.003972s ]
INFO: ShowRuntime Behavior ::run [ RunTime:0.005149s ]
INFO: [ view_filter ] --END-- [ RunTime:0.022818s ]
INFO: [ view_end ] --START--
INFO: ShowPageTrace Behavior ::run [ RunTime:0.004030s ]
INFO: [ view_end ] --END-- [ RunTime:0.005364s ]

[ 2013-09-23T14:14:46+08:00 ] 192.168.1.44 /structs/operamail/
INFO: [ app_begin ] --START--
INFO: ReadHtmlCache Behavior ::run [ RunTime:0.003137s ]
INFO: [ app_begin ] --END-- [ RunTime:0.004505s ]
INFO: [ view_parse ] --START--
INFO: ParseTemplate Behavior ::run [ RunTime:0.211760s ]
INFO: [ view_parse ] --END-- [ RunTime:0.256717s ]
INFO: [ view_filter ] --START--
INFO: ContentReplace Behavior ::run [ RunTime:0.005069s ]
INFO: TokenBuild Behavior ::run [ RunTime:0.003826s ]
INFO: WriteHtmlCache Behavior ::run [ RunTime:0.002596s ]
INFO: ShowRuntime Behavior ::run [ RunTime:0.004540s ]
INFO: [ view_filter ] --END-- [ RunTime:0.019657s ]
INFO: [ view_end ] --START--
INFO: ShowPageTrace Behavior ::run [ RunTime:0.003487s ]
INFO: [ view_end ] --END-- [ RunTime:0.005049s ]

[ 2013-09-23T14:15:18+08:00 ] 192.168.1.44 /structs/operamail/
INFO: [ app_begin ] --START--
INFO: ReadHtmlCache Behavior ::run [ RunTime:0.003139s ]
INFO: [ app_begin ] --END-- [ RunTime:0.004468s ]
INFO: [ view_parse ] --START--
INFO: ParseTemplate Behavior ::run [ RunTime:0.133070s ]
INFO: [ view_parse ] --END-- [ RunTime:0.158474s ]
INFO: [ view_filter ] --START--
INFO: ContentReplace Behavior ::run [ RunTime:0.003667s ]
INFO: TokenBuild Behavior ::run [ RunTime:0.004285s ]
INFO: WriteHtmlCache Behavior ::run [ RunTime:0.003039s ]
INFO: ShowRuntime Behavior ::run [ RunTime:0.005510s ]
INFO: [ view_filter ] --END-- [ RunTime:0.021933s ]
INFO: [ view_end ] --START--
INFO: ShowPageTrace Behavior ::run [ RunTime:0.006360s ]
INFO: [ view_end ] --END-- [ RunTime:0.007698s ]

[ 2013-09-23T14:15:39+08:00 ] 192.168.1.44 /structs/operamail/
INFO: [ app_begin ] --START--
INFO: ReadHtmlCache Behavior ::run [ RunTime:0.003985s ]
INFO: [ app_begin ] --END-- [ RunTime:0.005352s ]
INFO: [ view_parse ] --START--
INFO: ParseTemplate Behavior ::run [ RunTime:0.041098s ]
INFO: [ view_parse ] --END-- [ RunTime:0.042630s ]
INFO: [ view_filter ] --START--
INFO: ContentReplace Behavior ::run [ RunTime:0.003703s ]
INFO: TokenBuild Behavior ::run [ RunTime:0.004463s ]
INFO: WriteHtmlCache Behavior ::run [ RunTime:0.002616s ]
INFO: ShowRuntime Behavior ::run [ RunTime:0.004947s ]
INFO: [ view_filter ] --END-- [ RunTime:0.019943s ]
INFO: [ view_end ] --START--
INFO: ShowPageTrace Behavior ::run [ RunTime:0.003489s ]
INFO: [ view_end ] --END-- [ RunTime:0.004819s ]

